<?xml version="1.0" encoding="UTF-8"?>
<testng-results total="2" passed="2" failed="0" skipped="0">
  <reporter-output>
  </reporter-output>
  <suite started-at="2022-10-15T11:25:45Z" name="Surefire suite" finished-at="2022-10-15T11:25:53Z" duration-ms="7745">
    <groups>
    </groups>
    <test started-at="2022-10-15T11:25:45Z" name="Surefire test" finished-at="2022-10-15T11:25:53Z" duration-ms="7745">
      <class name="com.sddevops.dummy_maven.eclipse.NewTest">
        <test-method is-config="true" signature="beforeTest()[pri:0, instance:com.sddevops.dummy_maven.eclipse.NewTest@422c3c7a]" started-at="2022-10-15T04:25:45Z" name="beforeTest" finished-at="2022-10-15T04:25:53Z" duration-ms="7192" status="PASS">
          <reporter-output>
          </reporter-output>
        </test-method> <!-- beforeTest -->
        <test-method signature="checkTitle()[pri:0, instance:com.sddevops.dummy_maven.eclipse.NewTest@422c3c7a]" started-at="2022-10-15T04:25:53Z" name="checkTitle" finished-at="2022-10-15T04:25:53Z" duration-ms="534" status="PASS">
          <reporter-output>
          </reporter-output>
        </test-method> <!-- checkTitle -->
        <test-method signature="f()[pri:0, instance:com.sddevops.dummy_maven.eclipse.NewTest@422c3c7a]" started-at="2022-10-15T04:25:53Z" name="f" finished-at="2022-10-15T04:25:53Z" duration-ms="0" status="PASS">
          <reporter-output>
          </reporter-output>
        </test-method> <!-- f -->
        <test-method is-config="true" signature="afterTest()[pri:0, instance:com.sddevops.dummy_maven.eclipse.NewTest@422c3c7a]" started-at="2022-10-15T04:25:53Z" name="afterTest" finished-at="2022-10-15T04:25:53Z" duration-ms="1" status="PASS">
          <reporter-output>
          </reporter-output>
        </test-method> <!-- afterTest -->
      </class> <!-- com.sddevops.dummy_maven.eclipse.NewTest -->
    </test> <!-- Surefire test -->
  </suite> <!-- Surefire suite -->
</testng-results>
